<!DOCTYPE html PUBLIC "-//W3C//DTD XHTML 1.1//EN" "http://www.w3.org/TR/xhtml11/DTD/xhtml11.dtd">
<html xmlns="http://www.w3.org/1999/xhtml">
<head>
<meta http-equiv="content-type" content="text/html; charset=UTF-8"/>
<title>TestNG Report</title>
<style type="text/css">table {margin-bottom:10px;border-collapse:collapse;empty-cells:show}th,td {border:1px solid #009;padding:.25em .5em}th {vertical-align:bottom}td {vertical-align:top}table a {font-weight:bold}.stripe td {background-color: #E6EBF9}.num {text-align:right}.passedodd td {background-color: #3F3}.passedeven td {background-color: #0A0}.skippedodd td {background-color: #DDD}.skippedeven td {background-color: #CCC}.failedodd td,.attn {background-color: #F33}.failedeven td,.stripe .attn {background-color: #D00}.stacktrace {white-space:pre;font-family:monospace}.totop {font-size:85%;text-align:center;border-bottom:2px solid #000}.invisible {display:none}</style>
</head>
<body>
<table>
<tr><th>Test</th><th># Passed</th><th># Skipped</th><th># Retried</th><th># Failed</th><th>Time (ms)</th><th>Included Groups</th><th>Excluded Groups</th></tr>
<tr><th colspan="8">DataDriven</th></tr>
<tr><td><a href="#t0">logintest</a></td><td class="num">1</td><td class="num">0</td><td class="num">0</td><td class="num">0</td><td class="num">5,637</td><td></td><td></td></tr>
<tr class="stripe"><td><a href="#t1">Adding customer </a></td><td class="num">3</td><td class="num">0</td><td class="num">0</td><td class="num attn">1</td><td class="num">17,626</td><td></td><td></td></tr>
<tr><td><a href="#t2">opening account</a></td><td class="num">0</td><td class="num">0</td><td class="num">0</td><td class="num attn">3</td><td class="num">32,269</td><td></td><td></td></tr>
<tr><th>Total</th><th class="num">4</th><th class="num">0</th><th class="num">0</th><th class="num attn">4</th><th class="num">55,532</th><th colspan="2"></th></tr>
</table>
<table id='summary'><thead><tr><th>Class</th><th>Method</th><th>Start</th><th>Time (ms)</th></tr></thead><tbody><tr><th colspan="4">DataDriven</th></tr></tbody><tbody id="t0"><tr><th colspan="4">logintest &#8212; passed</th></tr><tr class="passedeven"><td rowspan="1">com.w2a.testcases.LoginTest</td><td><a href="#m0">LoginAsBankManager</a></td><td rowspan="1">1587105482255</td><td rowspan="1">5304</td></tr></tbody>
<tbody id="t1"><tr><th colspan="4">Adding customer  &#8212; failed</th></tr><tr class="failedeven"><td rowspan="1">com.w2a.testcases.AddCust</td><td><a href="#m1">check</a></td><td rowspan="1">1587105505123</td><td rowspan="1">3</td></tr><tr><th colspan="4">Adding customer  &#8212; passed</th></tr><tr class="passedeven"><td rowspan="3">com.w2a.testcases.AddCust</td><td><a href="#m2">add</a></td><td rowspan="3">1587105499748</td><td rowspan="3">5286</td></tr><tr class="passedeven"><td><a href="#m3">add</a></td></tr><tr class="passedeven"><td><a href="#m4">add</a></td></tr></tbody>
<tbody id="t2"><tr><th colspan="4">opening account &#8212; failed</th></tr><tr class="failedeven"><td rowspan="3">com.w2a.testcases.OpenAccount</td><td><a href="#m5">open</a></td><td rowspan="3">1587105527275</td><td rowspan="3">10193</td></tr><tr class="failedeven"><td><a href="#m6">open</a></td></tr><tr class="failedeven"><td><a href="#m7">open</a></td></tr></tbody>
</table>
<h2>logintest</h2><h3 id="m0">com.w2a.testcases.LoginTest#LoginAsBankManager</h3><table class="result"><tr><th>Messages</th></tr><tr><td><div class="messages">able to click on the add cust button</div></td></tr></table><p class="totop"><a href="#summary">back to summary</a></p>
<h2>Adding customer </h2><h3 id="m1">com.w2a.testcases.AddCust#check</h3><table class="result"><tr><th>Messages</th></tr><tr><td><div class="messages"><a target="blank" href=null><img src=null height=200 width=200></img></a></div></td></tr><tr><th>Exception</th></tr><tr><td><div class="stacktrace">java.lang.AssertionError: we make this test to faile
	at com.w2a.testcases.AddCust.check(AddCust.java:43)
	at java.base/java.util.ArrayList.forEach(ArrayList.java:1507)
... Removed 28 stack frames</div></td></tr></table><p class="totop"><a href="#summary">back to summary</a></p>
<h3 id="m2">com.w2a.testcases.AddCust#add</h3><table class="result"><tr class="param"><th>Parameter #1</th><th>Parameter #2</th><th>Parameter #3</th></tr><tr class="param stripe"><td>jhon</td><td>k</td><td>are</td></tr><tr><th colspan="3">Messages</th></tr><tr><td colspan="3"><div class="messages">hi data related tojhonhas been added</div></td></tr></table><p class="totop"><a href="#summary">back to summary</a></p>
<h3 id="m3">com.w2a.testcases.AddCust#add</h3><table class="result"><tr class="param"><th>Parameter #1</th><th>Parameter #2</th><th>Parameter #3</th></tr><tr class="param stripe"><td>noor</td><td>basha</td><td>hi</td></tr><tr><th colspan="3">Messages</th></tr><tr><td colspan="3"><div class="messages">hi data related tonoorhas been added</div></td></tr></table><p class="totop"><a href="#summary">back to summary</a></p>
<h3 id="m4">com.w2a.testcases.AddCust#add</h3><table class="result"><tr class="param"><th>Parameter #1</th><th>Parameter #2</th><th>Parameter #3</th></tr><tr class="param stripe"><td>honey</td><td>singh</td><td>how</td></tr><tr><th colspan="3">Messages</th></tr><tr><td colspan="3"><div class="messages">hi data related tohoneyhas been added</div></td></tr></table><p class="totop"><a href="#summary">back to summary</a></p>
<h2>opening account</h2><h3 id="m5">com.w2a.testcases.OpenAccount#open</h3><table class="result"><tr class="param"><th>Parameter #1</th><th>Parameter #2</th></tr><tr class="param stripe"><td>Ron Weasly</td><td>Rupee</td></tr><tr><th colspan="2">Messages</th></tr><tr><td colspan="2"><div class="messages"><a target="blank" href=null><img src=null height=200 width=200></img></a></div></td></tr><tr><th colspan="2">Exception</th></tr><tr><td colspan="2"><div class="stacktrace">org.openqa.selenium.NoSuchElementException: Cannot locate option with value: Ron Weasly
For documentation on this error, please visit: http://seleniumhq.org/exceptions/no_such_element.html
Build info: version: &apos;2.53.1&apos;, revision: &apos;a36b8b1cd5757287168e54b817830adce9b0158d&apos;, time: &apos;2016-06-30 19:26:09&apos;
System info: host: &apos;DESKTOP-PH7A2OE&apos;, ip: &apos;192.168.0.5&apos;, os.name: &apos;Windows 10&apos;, os.arch: &apos;amd64&apos;, os.version: &apos;10.0&apos;, java.version: &apos;13.0.2&apos;
Driver info: driver.version: unknown
	at org.openqa.selenium.support.ui.Select.selectByValue(Select.java:208)
	at com.w2a.testcases.OpenAccount.open(OpenAccount.java:18)
	at java.base/java.util.ArrayList.forEach(ArrayList.java:1507)
... Removed 27 stack frames</div></td></tr></table><p class="totop"><a href="#summary">back to summary</a></p>
<h3 id="m6">com.w2a.testcases.OpenAccount#open</h3><table class="result"><tr class="param"><th>Parameter #1</th><th>Parameter #2</th></tr><tr class="param stripe"><td>a b</td><td>pound</td></tr><tr><th colspan="2">Messages</th></tr><tr><td colspan="2"><div class="messages"><a target="blank" href=null><img src=null height=200 width=200></img></a></div></td></tr><tr><th colspan="2">Exception</th></tr><tr><td colspan="2"><div class="stacktrace">org.openqa.selenium.NoSuchElementException: Cannot locate option with value: a b
For documentation on this error, please visit: http://seleniumhq.org/exceptions/no_such_element.html
Build info: version: &apos;2.53.1&apos;, revision: &apos;a36b8b1cd5757287168e54b817830adce9b0158d&apos;, time: &apos;2016-06-30 19:26:09&apos;
System info: host: &apos;DESKTOP-PH7A2OE&apos;, ip: &apos;192.168.0.5&apos;, os.name: &apos;Windows 10&apos;, os.arch: &apos;amd64&apos;, os.version: &apos;10.0&apos;, java.version: &apos;13.0.2&apos;
Driver info: driver.version: unknown
	at org.openqa.selenium.support.ui.Select.selectByValue(Select.java:208)
	at com.w2a.testcases.OpenAccount.open(OpenAccount.java:18)
	at java.base/java.util.ArrayList.forEach(ArrayList.java:1507)
... Removed 27 stack frames</div></td></tr></table><p class="totop"><a href="#summary">back to summary</a></p>
<h3 id="m7">com.w2a.testcases.OpenAccount#open</h3><table class="result"><tr class="param"><th>Parameter #1</th><th>Parameter #2</th></tr><tr class="param stripe"><td>Hermoine Granger</td><td>Dollar</td></tr><tr><th colspan="2">Messages</th></tr><tr><td colspan="2"><div class="messages"><a target="blank" href=null><img src=null height=200 width=200></img></a></div></td></tr><tr><th colspan="2">Exception</th></tr><tr><td colspan="2"><div class="stacktrace">org.openqa.selenium.NoSuchElementException: Cannot locate option with value: Hermoine Granger
For documentation on this error, please visit: http://seleniumhq.org/exceptions/no_such_element.html
Build info: version: &apos;2.53.1&apos;, revision: &apos;a36b8b1cd5757287168e54b817830adce9b0158d&apos;, time: &apos;2016-06-30 19:26:09&apos;
System info: host: &apos;DESKTOP-PH7A2OE&apos;, ip: &apos;192.168.0.5&apos;, os.name: &apos;Windows 10&apos;, os.arch: &apos;amd64&apos;, os.version: &apos;10.0&apos;, java.version: &apos;13.0.2&apos;
Driver info: driver.version: unknown
	at org.openqa.selenium.support.ui.Select.selectByValue(Select.java:208)
	at com.w2a.testcases.OpenAccount.open(OpenAccount.java:18)
	at java.base/java.util.ArrayList.forEach(ArrayList.java:1507)
... Removed 27 stack frames</div></td></tr></table><p class="totop"><a href="#summary">back to summary</a></p>
</body>
</html>
